2015/02/28 06:00:51 [error] [exception.CHttpException.404] exception 'CHttpException' with message 'صفحه مورد نظر پیدا نشد' in C:\xampp\htdocs\pms\pm\protected\controllers\CommentsController.php:21
Stack trace:
#0 C:\xampp\htdocs\pms\yii-1.1.16.bca042\framework\web\actions\CInlineAction.php(49): CommentsController->actionList()
#1 C:\xampp\htdocs\pms\yii-1.1.16.bca042\framework\web\CController.php(308): CInlineAction->runWithParams(Array)
#2 C:\xampp\htdocs\pms\yii-1.1.16.bca042\framework\web\CController.php(286): CController->runAction(Object(CInlineAction))
#3 C:\xampp\htdocs\pms\yii-1.1.16.bca042\framework\web\CController.php(265): CController->runActionWithFilters(Object(CInlineAction), Array)
#4 C:\xampp\htdocs\pms\yii-1.1.16.bca042\framework\web\CWebApplication.php(282): CController->run('list')
#5 C:\xampp\htdocs\pms\yii-1.1.16.bca042\framework\web\CWebApplication.php(141): CWebApplication->runController('comments/list')
#6 C:\xampp\htdocs\pms\yii-1.1.16.bca042\framework\base\CApplication.php(184): CWebApplication->processRequest()
#7 C:\xampp\htdocs\pms\pm\index.php(13): CApplication->run()
#8 {main}
REQUEST_URI=/pms/pm/index.php?r=comments/list&comment_type=projects&bind_id=20&title=a
HTTP_REFERER=http://127.0.0.1/pms/pm/index.php?r=project/index
---
2015/02/28 06:03:36 [error] [exception.CException] exception 'CException' with message 'Property "Project.task" is not defined.' in C:\xampp\htdocs\pms\yii-1.1.16.bca042\framework\base\CComponent.php:130
Stack trace:
#0 C:\xampp\htdocs\pms\yii-1.1.16.bca042\framework\db\ar\CActiveRecord.php(145): CComponent->__get('task')
#1 C:\xampp\htdocs\pms\pm\protected\components\Helper\TaskHelper.php(68): CActiveRecord->__get('task')
#2 C:\xampp\htdocs\pms\pm\protected\controllers\TaskController.php(20): TaskHelper::getModel()
#3 C:\xampp\htdocs\pms\yii-1.1.16.bca042\framework\web\actions\CInlineAction.php(49): TaskController->actionIndex()
#4 C:\xampp\htdocs\pms\yii-1.1.16.bca042\framework\web\CController.php(308): CInlineAction->runWithParams(Array)
#5 C:\xampp\htdocs\pms\yii-1.1.16.bca042\framework\web\CController.php(286): CController->runAction(Object(CInlineAction))
#6 C:\xampp\htdocs\pms\yii-1.1.16.bca042\framework\web\CController.php(265): CController->runActionWithFilters(Object(CInlineAction), Array)
#7 C:\xampp\htdocs\pms\yii-1.1.16.bca042\framework\web\CWebApplication.php(282): CController->run('index')
#8 C:\xampp\htdocs\pms\yii-1.1.16.bca042\framework\web\CWebApplication.php(141): CWebApplication->runController('task/index')
#9 C:\xampp\htdocs\pms\yii-1.1.16.bca042\framework\base\CApplication.php(184): CWebApplication->processRequest()
#10 C:\xampp\htdocs\pms\pm\index.php(13): CApplication->run()
#11 {main}
REQUEST_URI=/pms/pm/index.php?r=task/index
HTTP_REFERER=http://127.0.0.1/pms/pm/index.php?r=comments/list&bind_type=projects&bind_id=17&title=%D9%BE%D8%B1%D9%88%DA%98%D9%87+1
---
